<?xml version="1.0" encoding="UTF-8"?>
<!-- Generated by org.testng.reporters.JUnitXMLReporter -->
<testsuite hostname="Phams-MacBook-Pro.local" name="Default test" tests="3" failures="0" timestamp="19 Jan 2016 03:09:02 GMT" time="31.098" errors="0">
  <testcase name="validLoginBBAdmin" time="19.52" classname="blueBird.BBPages.Tests.LoginTest"/>
  <testcase name="validLoginCorporate" time="1.756" classname="blueBird.BBPages.Tests.LoginTest"/>
  <testcase name="validLoginAgent" time="1.328" classname="blueBird.BBPages.Tests.LoginTest"/>
</testsuite> <!-- Default test -->
