<?xml version="1.0" encoding="UTF-8"?>
<testng-results skipped="0" failed="0" total="1" passed="1">
  <reporter-output>
  </reporter-output>
  <suite name="Default suite" duration-ms="40368" started-at="2016-01-26T08:37:51Z" finished-at="2016-01-26T08:38:31Z">
    <groups>
    </groups>
    <test name="Default test" duration-ms="40368" started-at="2016-01-26T08:37:51Z" finished-at="2016-01-26T08:38:31Z">
      <class name="blueBird.BBPages.Tests.CreateNewDepartmentTest">
        <test-method status="PASS" signature="beforeSuite()[pri:0, instance:blueBird.BBPages.Tests.CreateNewDepartmentTest@27f674d]" name="beforeSuite" is-config="true" duration-ms="3637" started-at="2016-01-26T15:37:51Z" finished-at="2016-01-26T15:37:54Z">
          <reporter-output>
          </reporter-output>
        </test-method> <!-- beforeSuite -->
        <test-method status="PASS" signature="verifyCreateNewDepartment()[pri:0, instance:blueBird.BBPages.Tests.CreateNewDepartmentTest@27f674d]" name="verifyCreateNewDepartment" duration-ms="36711" started-at="2016-01-26T15:37:54Z" finished-at="2016-01-26T15:38:31Z">
          <reporter-output>
          </reporter-output>
        </test-method> <!-- verifyCreateNewDepartment -->
        <test-method status="PASS" signature="getCurrentTitle()[pri:0, instance:blueBird.BBPages.Tests.CreateNewDepartmentTest@27f674d]" name="getCurrentTitle" is-config="true" duration-ms="6" started-at="2016-01-26T15:38:31Z" finished-at="2016-01-26T15:38:31Z">
          <reporter-output>
          </reporter-output>
        </test-method> <!-- getCurrentTitle -->
      </class> <!-- blueBird.BBPages.Tests.CreateNewDepartmentTest -->
    </test> <!-- Default test -->
  </suite> <!-- Default suite -->
</testng-results>
